SF:src\FlexUnits.jl
LH:0
LF:0
end_of_record
SF:src\RegistryTools.jl
DA:2,10
DA:25,1
DA:27,1
DA:28,6
DA:29,0
DA:30,0
DA:38,2
DA:40,0
DA:43,306
DA:44,356
DA:45,154
DA:46,307
DA:47,5
DA:49,150
DA:51,153
DA:53,1
DA:61,6
DA:62,6
DA:63,6
DA:65,6
DA:66,5
DA:68,1
DA:72,56
DA:73,56
DA:74,56
DA:75,56
DA:78,20
DA:79,20
DA:82,20
DA:83,20
DA:84,20
DA:85,98
DA:86,98
DA:87,176
DA:88,20
DA:92,1
DA:94,1
DA:96,52
DA:97,21
DA:100,1
DA:101,1
DA:102,1
DA:103,1
DA:104,1
DA:105,1
DA:106,1
DA:107,1
DA:108,1
DA:110,1
DA:111,1
DA:112,1
DA:113,1
DA:114,1
DA:115,1
DA:116,1
DA:117,1
DA:120,1
DA:121,1
DA:122,1
DA:123,1
DA:124,1
DA:125,1
DA:127,1
DA:128,1
DA:129,1
DA:130,2
DA:131,1
DA:132,2
DA:133,2
DA:134,2
DA:135,2
DA:136,2
DA:137,1
DA:138,1
DA:139,1
DA:140,1
DA:141,1
DA:142,1
DA:144,1
DA:145,1
DA:146,1
DA:147,1
DA:148,1
DA:149,1
DA:150,1
DA:151,1
DA:152,1
DA:153,1
DA:154,1
DA:155,1
DA:158,2
DA:159,1
DA:160,2
DA:161,1
DA:162,2
DA:163,1
DA:164,1
DA:165,1
DA:168,2
DA:169,2
DA:170,1
DA:171,2
DA:172,1
DA:173,1
DA:174,1
DA:175,1
DA:176,1
DA:177,1
DA:178,1
DA:181,1
DA:182,1
DA:183,1
DA:184,1
DA:187,1
DA:188,1
DA:189,1
DA:201,1
DA:205,11
DA:206,11
DA:209,6
DA:210,6
DA:214,211
DA:215,211
DA:216,211
DA:218,211
DA:219,1
DA:221,411
DA:222,205
DA:226,12
DA:227,12
DA:228,12
DA:229,12
DA:230,1
DA:232,11
DA:236,210
DA:237,210
DA:238,205
DA:242,11
DA:243,11
DA:244,11
DA:245,11
DA:249,155
DA:250,155
DA:251,3
DA:253,217
DA:254,152
DA:257,104
DA:258,104
DA:261,9
DA:262,9
DA:265,2
DA:266,2
DA:270,49
DA:271,49
DA:274,306
DA:275,306
DA:276,2
DA:278,304
DA:282,51
DA:284,20641212
DA:286,20641212
DA:287,20641212
LH:159
LF:162
end_of_record
SF:src\UnitRegistry.jl
DA:14,6
DA:15,7
DA:19,11
DA:20,6
DA:23,200
DA:24,200
DA:27,6
DA:28,6
LH:8
LF:8
end_of_record
SF:src\conversions.jl
DA:27,30961878
DA:30,61923756
DA:31,9
DA:41,30961895
DA:42,9
DA:43,1
DA:50,2
DA:51,11
DA:59,88
DA:60,89
DA:62,87
DA:73,16
DA:74,17
DA:75,15
DA:83,10320895
DA:84,30961791
DA:85,30961791
DA:86,30961791
DA:87,30961791
DA:95,70
DA:102,65
DA:110,0
DA:117,7
DA:118,40
DA:119,0
DA:135,9
DA:136,12
DA:137,12
DA:138,10
DA:140,2
DA:141,2
DA:146,20641245
DA:147,18
DA:148,2
DA:151,6
DA:152,1
DA:153,2
DA:154,0
DA:158,0
DA:163,2
DA:164,2
DA:167,8
DA:168,8
DA:172,13
DA:173,13
DA:175,2
DA:176,2
DA:180,2
DA:181,2
DA:182,2
DA:183,2
LH:47
LF:51
end_of_record
SF:src\fixed_rational.jl
DA:12,144489217
DA:28,144487973
DA:29,1244
DA:30,1357
DA:31,363
DA:32,62
DA:38,17
DA:39,1351
DA:40,831
DA:43,1064
DA:44,892
DA:47,95
DA:48,95
DA:50,5
DA:51,738
DA:52,3
DA:55,72243690
DA:56,96
DA:57,72244187
DA:58,84
DA:59,1
DA:60,6
DA:63,315
DA:64,7
DA:67,14
DA:68,2
DA:72,295
DA:76,172
DA:77,35
DA:78,13
DA:81,831
DA:82,1
DA:85,7
DA:86,7
DA:87,6
DA:89,10
DA:90,10
DA:92,1
DA:93,1
DA:95,300
DA:96,300
DA:100,2
DA:101,2
DA:102,1
DA:104,2
DA:105,1
DA:106,1
DA:107,1
LH:48
LF:48
end_of_record
SF:src\math.jl
DA:10,20641243
DA:11,20641243
DA:12,20641243
DA:13,20641243
DA:18,19
DA:19,35
DA:20,10320530
DA:21,10320613
DA:22,17
DA:23,35
DA:24,12
DA:25,33
DA:26,1
DA:27,1
DA:28,10
DA:33,20641190
DA:34,3
DA:36,1
DA:37,5
DA:39,12
DA:40,12
DA:43,101
DA:44,101
DA:47,5
DA:48,5
DA:51,43
DA:52,43
DA:53,43
DA:56,4
DA:57,8
DA:59,2
DA:60,1
DA:63,15
DA:65,18
DA:67,36
DA:68,36
DA:69,36
DA:88,20641152
DA:89,20641152
DA:90,20641152
DA:91,20641152
DA:92,20641153
DA:96,130
DA:97,130
DA:98,130
DA:99,130
DA:102,17
DA:103,17
DA:104,17
DA:105,17
DA:108,5
DA:109,4
DA:110,18
DA:111,1
DA:113,3
DA:114,3
DA:115,17
DA:116,18
DA:118,142
DA:119,58
DA:120,10320514
DA:121,2
DA:123,8
DA:124,6
DA:125,10320511
DA:126,8
DA:128,1
DA:129,1
DA:130,1
DA:132,33
DA:134,1
DA:135,1
DA:136,9
DA:138,63
DA:139,36
DA:141,9
DA:142,9
DA:143,9
DA:144,18
DA:148,7
DA:149,7
DA:150,8
DA:151,6
DA:160,39
DA:161,39
DA:172,2
DA:173,2
DA:178,117
DA:183,126
LH:89
LF:89
end_of_record
SF:src\types.jl
DA:10,0
DA:11,4
DA:17,13
DA:18,13
DA:21,0
DA:22,0
DA:23,310
DA:24,0
DA:25,979
DA:26,66
DA:27,3
DA:44,486
DA:45,20641500
DA:54,15
DA:57,30
DA:58,30
DA:72,7
DA:73,5
DA:74,2
DA:75,1
DA:85,20641289
DA:86,20641289
DA:109,41283291
DA:110,20641644
DA:116,189
DA:117,10
DA:119,51603557
DA:120,51603446
DA:121,51603579
DA:122,19
DA:123,1
DA:125,12
DA:126,6
DA:127,2
DA:129,4
DA:130,4
DA:131,4
DA:133,0
DA:135,4
DA:152,72244490
DA:155,14
DA:157,72244816
DA:158,72244839
DA:159,160
DA:161,0
DA:162,2
DA:169,72244322
DA:170,2
DA:171,1
DA:179,1
DA:180,0
DA:181,0
DA:182,0
DA:209,2
DA:213,1
DA:214,1
DA:215,2
DA:217,1
DA:218,1
DA:219,1
DA:220,1
DA:223,1
DA:224,1
DA:225,1
DA:226,1
DA:241,8
DA:243,1
DA:244,1
DA:245,1
DA:246,1
DA:254,2
DA:258,1
DA:259,1
DA:260,12
DA:262,1
DA:263,1
DA:273,12
DA:275,1
DA:285,3
DA:287,1
DA:290,54
DA:291,295
DA:292,275
DA:294,4
DA:295,13
DA:297,2
DA:298,21
DA:299,4
DA:300,21
DA:301,77
DA:303,46
DA:304,236
DA:305,61
DA:307,34
LH:85
LF:94
end_of_record
SF:src\utils.jl
DA:5,6
DA:6,2
DA:8,1
DA:9,2
DA:10,20
DA:11,1
DA:12,1
DA:13,8
DA:15,8
DA:16,6
DA:19,1
DA:20,0
DA:21,1
DA:22,0
DA:23,0
DA:24,1
DA:26,7
DA:27,1
DA:28,2
DA:29,9
DA:30,6
DA:39,46
DA:40,23
DA:41,25
DA:42,23
DA:45,2
DA:46,2
DA:47,2
DA:50,39
DA:51,18
DA:52,15
DA:54,3
DA:58,10
DA:59,5
DA:60,3
DA:61,2
DA:63,1
DA:66,2
DA:71,0
DA:72,0
DA:75,60
DA:76,60
DA:77,30
DA:79,30
DA:80,111
DA:82,82
DA:83,52
DA:84,35
DA:85,17
DA:86,34
DA:87,17
DA:91,240
DA:92,240
DA:94,30
DA:95,30
DA:96,6
DA:97,24
DA:98,2
DA:99,2
DA:101,22
DA:102,22
DA:103,22
DA:106,30
DA:109,0
DA:110,0
DA:113,0
DA:114,0
DA:115,0
DA:118,4
DA:119,4
DA:120,4
DA:123,17
DA:124,17
DA:125,17
DA:128,4
DA:129,4
DA:130,4
DA:131,3
DA:133,1
DA:137,21
DA:138,21
DA:139,21
DA:140,16
DA:142,5
DA:147,150
DA:148,81
DA:151,12
DA:152,12
DA:153,0
DA:154,12
DA:155,6
DA:156,6
DA:157,4
DA:159,2
DA:163,57
DA:164,57
DA:165,57
DA:167,57
DA:168,0
DA:169,57
DA:170,40
DA:172,17
DA:173,17
DA:174,255
DA:175,29
DA:176,12
DA:177,0
DA:179,12
DA:182,17
LH:96
LF:109
end_of_record
