SF:src\FlexUnits.jl
LH:0
LF:0
end_of_record
SF:src\RegistryTools.jl
DA:25,1
DA:27,1
DA:28,6
DA:29,0
DA:30,0
DA:38,2
DA:40,0
DA:43,382
DA:44,432
DA:45,154
DA:46,307
DA:47,5
DA:49,150
DA:51,153
DA:53,1
DA:62,6
DA:63,6
DA:65,6
DA:66,5
DA:68,1
DA:77,2
DA:84,4
DA:87,56
DA:88,56
DA:89,56
DA:93,20
DA:96,20
DA:97,20
DA:98,20
DA:99,98
DA:100,98
DA:101,176
DA:102,20
DA:106,1
DA:108,1
DA:110,52
DA:111,21
DA:114,1
DA:115,1
DA:116,1
DA:117,1
DA:118,1
DA:119,1
DA:120,1
DA:121,1
DA:122,1
DA:124,1
DA:125,1
DA:126,1
DA:127,1
DA:128,1
DA:129,1
DA:130,1
DA:131,1
DA:134,1
DA:135,1
DA:136,1
DA:137,1
DA:138,1
DA:139,1
DA:141,1
DA:142,1
DA:143,1
DA:144,1
DA:145,1
DA:146,1
DA:147,1
DA:148,1
DA:149,1
DA:150,1
DA:151,1
DA:152,1
DA:153,1
DA:154,1
DA:155,1
DA:156,1
DA:158,1
DA:159,1
DA:160,1
DA:161,1
DA:162,1
DA:163,1
DA:164,1
DA:165,1
DA:166,1
DA:167,1
DA:168,1
DA:169,1
DA:172,1
DA:173,1
DA:174,1
DA:175,1
DA:176,1
DA:177,1
DA:178,1
DA:179,1
DA:182,1
DA:183,1
DA:184,1
DA:185,1
DA:186,1
DA:187,1
DA:188,1
DA:189,1
DA:190,1
DA:191,1
DA:192,1
DA:195,1
DA:196,1
DA:197,1
DA:198,1
DA:201,1
DA:202,1
DA:203,1
DA:215,1
DA:220,11
DA:224,10
DA:228,18
DA:229,18
DA:230,18
DA:231,18
DA:233,17
DA:236,278
DA:237,278
DA:239,278
DA:240,2
DA:242,536
DA:243,271
DA:247,276
DA:248,276
DA:249,271
DA:254,178
DA:255,178
DA:256,3
DA:258,236
DA:259,175
DA:263,124
DA:266,16
DA:267,16
DA:270,2
DA:271,2
DA:276,44
DA:280,382
DA:281,2
DA:283,380
DA:287,46
DA:289,462
DA:292,462
DA:295,18
DA:296,296
DA:297,296
DA:298,296
DA:299,296
DA:302,18
DA:303,18
DA:304,18
DA:306,33
DA:307,18
DA:309,18
DA:310,2
DA:313,18
LH:158
LF:161
end_of_record
SF:src\UnitRegistry.jl
DA:14,6
DA:15,7
DA:19,11
DA:20,10
DA:23,249
DA:24,249
DA:27,8
DA:28,8
DA:32,2
DA:33,4
LH:10
LF:10
end_of_record
SF:src\conversions.jl
DA:24,0
DA:25,707
DA:26,0
DA:34,6
DA:35,19
DA:36,17
DA:45,425
DA:53,3
DA:54,11
DA:61,9
DA:62,1
DA:69,67
DA:77,0
DA:100,678
DA:103,1356
DA:112,31
DA:114,29
DA:129,696
DA:130,9
DA:131,2
DA:133,34
DA:134,649
DA:135,649
DA:136,649
DA:146,7
DA:147,24
DA:148,0
DA:164,5
DA:165,2
DA:166,2
DA:167,0
DA:169,2
DA:170,2
DA:175,498
DA:176,18
DA:177,2
DA:180,10
DA:181,1
DA:182,2
DA:183,0
DA:187,0
DA:193,2
DA:197,8
DA:202,13
DA:205,2
DA:210,2
DA:211,2
DA:212,2
LH:41
LF:48
end_of_record
SF:src\fixed_rational.jl
DA:12,3496
DA:28,2443
DA:29,1053
DA:30,1533
DA:31,347
DA:32,69
DA:38,0
DA:39,17
DA:40,246
DA:41,716
DA:44,1058
DA:45,886
DA:49,35
DA:51,5
DA:52,115
DA:53,3
DA:56,279
DA:57,96
DA:58,1993
DA:59,84
DA:60,1
DA:61,6
DA:64,240
DA:65,1
DA:68,2
DA:69,2
DA:73,295
DA:77,172
DA:78,35
DA:79,13
DA:82,131
DA:83,1
DA:86,1
DA:87,7
DA:88,6
DA:91,10
DA:94,1
DA:97,300
DA:101,2
DA:102,2
DA:103,1
DA:105,2
DA:106,1
DA:107,1
DA:108,1
LH:44
LF:45
end_of_record
SF:src\math.jl
DA:13,3
DA:14,445
DA:15,445
DA:16,445
DA:21,0
DA:22,19
DA:23,18
DA:24,17
DA:25,74
DA:26,301
DA:27,17
DA:28,36
DA:29,12
DA:30,1
DA:31,1
DA:32,10
DA:34,0
DA:35,0
DA:36,33
DA:37,0
DA:38,0
DA:39,0
DA:44,407
DA:45,3
DA:47,1
DA:48,0
DA:50,7
DA:51,11
DA:54,278
DA:55,290
DA:58,2
DA:59,5
DA:62,40
DA:63,44
DA:64,44
DA:67,4
DA:68,8
DA:70,2
DA:71,1
DA:74,17
DA:76,0
DA:79,37
DA:80,37
DA:83,0
DA:84,0
DA:85,0
DA:105,150
DA:106,150
DA:107,150
DA:108,150
DA:112,165
DA:113,210
DA:114,210
DA:115,210
DA:118,14
DA:119,20
DA:120,20
DA:121,20
DA:124,5
DA:125,4
DA:126,18
DA:127,1
DA:129,3
DA:130,3
DA:131,17
DA:132,18
DA:134,73
DA:135,29
DA:136,12
DA:137,2
DA:139,4
DA:140,3
DA:141,10
DA:142,8
DA:144,1
DA:145,1
DA:146,1
DA:148,33
DA:150,1
DA:151,1
DA:152,9
DA:154,63
DA:155,36
DA:157,9
DA:158,9
DA:159,9
DA:160,18
DA:164,4
DA:165,97
DA:166,98
DA:167,186
DA:176,39
DA:177,39
DA:188,2
DA:189,2
DA:194,117
DA:199,63
LH:86
LF:97
end_of_record
SF:src\types.jl
DA:11,534
DA:12,4
DA:19,13
DA:22,0
DA:23,0
DA:24,146
DA:25,58
DA:26,979
DA:27,62
DA:28,3
DA:45,540
DA:46,729
DA:55,15
DA:59,30
DA:73,7
DA:74,5
DA:75,2
DA:76,1
DA:86,2
DA:87,491
DA:110,2197
DA:111,1097
DA:117,378
DA:118,10
DA:120,1727
DA:121,1902
DA:122,2031
DA:123,19
DA:124,1
DA:126,12
DA:127,6
DA:128,2
DA:130,4
DA:131,4
DA:132,4
DA:149,1597
DA:152,15
DA:154,1662
DA:155,1552
DA:156,103
DA:157,0
DA:158,0
DA:160,0
DA:161,2
DA:168,1406
DA:169,2
DA:170,1
DA:178,1
DA:179,3
DA:180,814
DA:181,9
DA:208,5
DA:211,2
DA:213,3
DA:214,2
DA:217,1
DA:221,2
DA:222,2
DA:223,2
DA:226,2
DA:227,2
DA:228,2
DA:229,2
DA:244,9
DA:246,1
DA:247,1
DA:248,1
DA:249,1
DA:257,2
DA:261,1
DA:262,1
DA:263,6
DA:265,1
DA:266,1
DA:276,12
DA:278,1
DA:288,3
DA:290,1
DA:293,54
DA:294,672
DA:295,359
DA:297,4
DA:298,13
DA:300,2
DA:301,21
DA:302,2
DA:303,21
DA:304,78
DA:306,27
DA:307,236
DA:308,61
DA:310,34
LH:87
LF:92
end_of_record
SF:src\utils.jl
DA:5,8
DA:6,2
DA:8,1
DA:9,2
DA:10,26
DA:11,1
DA:12,1
DA:13,8
DA:15,8
DA:16,6
DA:19,1
DA:20,0
DA:21,1
DA:22,0
DA:23,0
DA:24,1
DA:26,10
DA:27,1
DA:28,2
DA:29,11
DA:30,10
DA:31,1
DA:32,1
DA:41,46
DA:42,23
DA:43,25
DA:44,23
DA:47,2
DA:48,2
DA:49,2
DA:52,21
DA:53,18
DA:54,15
DA:56,3
DA:60,10
DA:61,5
DA:62,3
DA:63,2
DA:65,1
DA:68,2
DA:73,0
DA:74,0
DA:77,60
DA:78,60
DA:79,30
DA:81,30
DA:82,111
DA:84,82
DA:85,52
DA:86,35
DA:87,17
DA:88,17
DA:89,17
DA:93,240
DA:94,240
DA:96,30
DA:97,30
DA:98,6
DA:99,24
DA:100,2
DA:101,2
DA:103,22
DA:104,22
DA:105,22
DA:108,30
DA:111,0
DA:112,0
DA:115,0
DA:116,0
DA:117,0
DA:120,1
DA:121,4
DA:122,4
DA:125,2
DA:126,17
DA:127,17
DA:131,4
DA:132,4
DA:133,3
DA:135,1
DA:140,21
DA:141,21
DA:142,16
DA:144,5
DA:149,81
DA:150,81
DA:153,12
DA:154,12
DA:155,0
DA:156,12
DA:157,6
DA:158,6
DA:159,4
DA:161,2
DA:165,57
DA:166,57
DA:167,57
DA:169,57
DA:170,0
DA:171,57
DA:172,40
DA:174,17
DA:175,17
DA:176,82
DA:177,29
DA:178,12
DA:181,12
DA:184,17
LH:96
LF:108
end_of_record
